[mkarchiso] INFO: Validating options...
[mkarchiso] INFO: Validating 'bios.syslinux': 'memtest86+' is not in the package list. Memmory testing will not be available from syslinux.
[mkarchiso] INFO: Validating 'uefi.systemd-boot': 'memtest86+-efi' is not in the package list. Memory testing will not be available from the UEFI boot loader.
[mkarchiso] INFO: Done!
[mkarchiso] INFO: mkarchiso configuration settings
[mkarchiso] INFO:              Architecture:   x86_64
[mkarchiso] INFO:         Working directory:   /home/cyan476/blockos-build/build
[mkarchiso] INFO:    Installation directory:   arch
[mkarchiso] INFO:                Build date:   2026-05-24T18:38+0800
[mkarchiso] INFO:          Output directory:   /home/cyan476/blockos-iso
[mkarchiso] INFO:        Current build mode:   iso
[mkarchiso] INFO:               Build modes:   iso
[mkarchiso] INFO:                   GPG key:   None
[mkarchiso] INFO:                GPG signer:   None
[mkarchiso] INFO: Code signing certificates:   None
[mkarchiso] INFO:                   Profile:   /home/cyan476/blockOS/blockos
[mkarchiso] INFO: Pacman configuration file:   /home/cyan476/blockOS/blockos/pacman.conf
[mkarchiso] INFO:           Image file name:   blockOS Tower-2026.05.24-x86_64.iso
[mkarchiso] INFO:          ISO volume label:   blockOS_202605
[mkarchiso] INFO:             ISO publisher:   Cyan476 <https://cyan476.github.io/blockOS/>
[mkarchiso] INFO:           ISO application:   BlockOS Tower Boot CD
[mkarchiso] INFO:                Boot modes:   bios.syslinux uefi.systemd-boot
[mkarchiso] INFO:             Packages File:   /home/cyan476/blockOS/blockos/packages.x86_64
[mkarchiso] INFO:                  Packages:   alsa-utils amd-ucode arch-install-scripts archinstall base bcachefs-tools bind bolt btrfs-progs cloud-init cryptsetup darkhttpd dhcpcd diffutils dmidecode dosfstools e2fsprogs edk2-shell efibootmgr ethtool exfatprogs f2fs-tools fatresize foot-terminfo gptfdisk grml-zsh-config grub hyperv intel-ucode irssi iw iwd kitty-terminfo ldns less libfido2 libusb-compat linux-lts linux-firmware livecd-sounds lsscsi lynx man-db man-pages mkinitcpio mkinitcpio-archiso mkinitcpio-nfs-utils mmc-utils mtools nano ndisc6 ntfs-3g nvme-cli openpgp-card-tools openssh parted pcsclite pv refind reflector rsync rxvt-unicode-terminfo screen sdparm sequoia-sq sg3_utils smartmontools sof-firmware squashfs-tools sudo syslinux systemd-resolvconf terminus-font tmux tpm2-tools tpm2-tss udftools usbutils wireless-regdb wireless_tools wpa_supplicant xdg-utils xfsprogs zsh
[mkarchiso] INFO: Preparing kernel and initramfs for the ISO 9660 file system...
[mkarchiso] INFO: Validating options...
[mkarchiso] INFO: Validating 'bios.syslinux': 'memtest86+' is not in the package list. Memmory testing will not be available from syslinux.
[mkarchiso] INFO: Validating 'uefi.systemd-boot': 'memtest86+-efi' is not in the package list. Memory testing will not be available from the UEFI boot loader.
[mkarchiso] INFO: Done!
[mkarchiso] INFO: mkarchiso configuration settings
[mkarchiso] INFO:              Architecture:   x86_64
[mkarchiso] INFO:         Working directory:   /home/cyan476/blockos-build/build
[mkarchiso] INFO:    Installation directory:   arch
[mkarchiso] INFO:                Build date:   2026-05-24T18:42+0800
[mkarchiso] INFO:          Output directory:   /home/cyan476/blockos-iso
[mkarchiso] INFO:        Current build mode:   iso
[mkarchiso] INFO:               Build modes:   iso
[mkarchiso] INFO:                   GPG key:   None
[mkarchiso] INFO:                GPG signer:   None
[mkarchiso] INFO: Code signing certificates:   None
[mkarchiso] INFO:                   Profile:   /home/cyan476/blockOS/blockos
[mkarchiso] INFO: Pacman configuration file:   /home/cyan476/blockOS/blockos/pacman.conf
[mkarchiso] INFO:           Image file name:   blockOS Tower-2026.05.24-x86_64.iso
[mkarchiso] INFO:          ISO volume label:   blockOS_202605
[mkarchiso] INFO:             ISO publisher:   Cyan476 <https://cyan476.github.io/blockOS/>
[mkarchiso] INFO:           ISO application:   BlockOS Tower Boot CD
[mkarchiso] INFO:                Boot modes:   bios.syslinux uefi.systemd-boot
[mkarchiso] INFO:             Packages File:   /home/cyan476/blockOS/blockos/packages.x86_64
[mkarchiso] INFO:                  Packages:   alsa-utils amd-ucode arch-install-scripts archinstall base bcachefs-tools bind bolt btrfs-progs cloud-init cryptsetup darkhttpd dhcpcd diffutils dmidecode dosfstools e2fsprogs edk2-shell efibootmgr ethtool exfatprogs f2fs-tools fatresize foot-terminfo gptfdisk grml-zsh-config grub hyperv intel-ucode irssi iw iwd kitty-terminfo ldns less libfido2 libusb-compat linux-lts linux-firmware livecd-sounds lsscsi lynx man-db man-pages mkinitcpio mkinitcpio-archiso mkinitcpio-nfs-utils mmc-utils mtools nano ndisc6 ntfs-3g nvme-cli openpgp-card-tools openssh parted pcsclite pv refind reflector rsync rxvt-unicode-terminfo screen sdparm sequoia-sq sg3_utils smartmontools sof-firmware squashfs-tools sudo syslinux systemd-resolvconf terminus-font tmux tpm2-tools tpm2-tss udftools usbutils wireless-regdb wireless_tools wpa_supplicant xdg-utils xfsprogs zsh
[mkarchiso] INFO: Copying custom pacman.conf to work directory...
[mkarchiso] INFO: Using pacman CacheDir: /var/cache/pacman/pkg/ 
[mkarchiso] INFO: Copying custom airootfs files...
[mkarchiso] INFO: Done!
[mkarchiso] INFO: Installing packages to '/home/cyan476/blockos-build/build/x86_64/airootfs/'...
==> Creating install root at /home/cyan476/blockos-build/build/x86_64/airootfs
==> Installing packages to /home/cyan476/blockos-build/build/x86_64/airootfs
:: Synchronizing package databases...
 core downloading...
 extra downloading...
 chaotic-aur downloading...
resolving dependencies...
:: There are 2 providers available for sh:
:: Repository core
   1) bash
:: Repository chaotic-aur
   2) dashbinsh

Enter a number (default=1): 
:: There are 2 providers available for libxtables.so=12-64:
:: Repository core
   1) iptables  2) iptables-legacy

Enter a number (default=1): 
looking for conflicting packages...

Packages (310) acl-2.3.2-2  alsa-lib-1.2.15.3-2  alsa-topology-conf-1.2.5.1-4  alsa-ucm-conf-1.2.15.3-1  archlinux-keyring-20260420-1  attr-2.5.2-2  audit-4.1.4-2  bash-5.3.9-1  binutils-2.46+r70+g155188ea10a7-1  brotli-1.2.0-1  bzip2-1.0.8-6  ca-certificates-20240618-1  ca-certificates-mozilla-3.124-1  ca-certificates-utils-20240618-1  ccid-1.7.1-1  coreutils-9.11-1  curl-8.20.0-7  db5.3-5.3.28-7  dbus-1.16.2-1  dbus-broker-37-3  dbus-broker-units-37-3  dbus-units-37-3  device-mapper-2.03.41-1  dnssec-anchors-20250524-1  duktape-2.7.0-7  efivar-39-2  ell-0.83-1  expat-2.8.1-1  file-5.47-3  filesystem-2025.10.12-1  findutils-4.10.0-3  flex-2.6.4-6  fuse-common-3.18.2-1  fuse2-2.9.9-5  fuse3-3.18.2-1  gawk-5.4.0-1  gcc-libs-16.1.1+r12+g301eb08fa2c5-1  gdbm-1.26-2  gettext-1.0-2  glib2-2.88.1-1  glibc-2.43+r22+g8362e8ce10b2-2  gmp-6.3.0-3  gnulib-l10n-20241231-1  gnupg-2.4.9-1  gnutls-3.8.13-2  gpgme-2.1.0-1  grep-3.12-2  groff-1.24.1-1  gzip-1.14-2  hidapi-0.15.0-1  hwdata-0.407-1  iana-etc-20260511-1  icu-78.3-1  iproute2-7.0.0-1  iptables-1:1.8.13-1  iputils-20250605-1  jansson-2.15.0-1  jemalloc-1:5.3.1-2  json-c-0.18-2  kbd-2.9.0-1  keyutils-1.6.3-4  kmod-34.2-1  krb5-1.22.2-1  leancrypto-1.7.2-1  libaio-0.3.113-4  libarchive-3.8.7-1  libasan-16.1.1+r12+g301eb08fa2c5-1  libassuan-3.0.0-1  libatomic-16.1.1+r12+g301eb08fa2c5-1  libbpf-1.7.0-1  libbsd-0.12.2-2  libcap-2.78-1  libcap-ng-0.9.3-1  libcbor-0.14.0-1  libedit-20260512_3.1-1  libelf-0.195-1  libevent-2.1.12-5  libffi-3.5.2-1  libgcc-16.1.1+r12+g301eb08fa2c5-1  libgcrypt-1.12.2-1  libgfortran-16.1.1+r12+g301eb08fa2c5-1  libgomp-16.1.1+r12+g301eb08fa2c5-1  libgpg-error-1.61-1  libidn2-2.3.8-1  libinih-62-2  libksba-1.8.0-1  libldap-2.6.13-1  liblsan-16.1.1+r12+g301eb08fa2c5-1  libmakepkg-dropins-20-1  libmaxminddb-1.13.3-1  libmd-1.2.0-1  libmnl-1.0.5-2  libnetfilter_conntrack-1.1.1-1  libnfnetlink-1.0.2-2  libnftnl-1.3.1-1  libnghttp2-1.69.0-1  libnghttp3-1.15.0-1  libngtcp2-1.22.1-1  libnl-3.12.0-1  libnsl-2.0.1-2  libnvme-1.16.1-3  libobjc-16.1.1+r12+g301eb08fa2c5-1  libotr-4.1.1-6  libp11-kit-0.26.2-1  libpcap-1.10.6-1  libpipeline-1.5.8-1  libpsl-0.21.5-2  libquadmath-16.1.1+r12+g301eb08fa2c5-1  libsamplerate-0.2.2-3  libsasl-2.1.28-5  libseccomp-2.6.0-1  libsecret-0.21.7-1  libsodium-1.0.22-1  libssh2-1.11.1-1  libstdc++-16.1.1+r12+g301eb08fa2c5-1  libsysprof-capture-50.0-2  libtasn1-4.21.0-1  libtirpc-1.3.7-1  libtsan-16.1.1+r12+g301eb08fa2c5-1  libubsan-16.1.1+r12+g301eb08fa2c5-1  libunistring-1.4.2-1  libunwind-1.8.2-1  liburcu-0.15.6-1  liburing-2.14-1  libusb-1.0.30-1  libutempter-1.2.3-1  libuv-1.52.1-1  libverto-0.3.2-6  libxcrypt-4.5.2-1  libxml2-2.15.3-1  libyaml-0.2.5-3  licenses-20240728-1  linux-api-headers-6.19-1  linux-firmware-amdgpu-20260519-1  linux-firmware-atheros-20260519-1  linux-firmware-broadcom-20260519-1  linux-firmware-cirrus-20260519-1  linux-firmware-intel-20260519-1  linux-firmware-mediatek-20260519-1  linux-firmware-nvidia-20260519-1  linux-firmware-other-20260519-1  linux-firmware-radeon-20260519-1  linux-firmware-realtek-20260519-1  linux-firmware-whence-20260519-1  lmdb-0.9.35-1  lvm2-2.03.41-1  lz4-1:1.10.0-2  lzo-2.10-5  m4-1.4.21-2  mkinitcpio-busybox-1.36.1-1  mpdecimal-4.0.1-3  mpfr-4.2.2-1  ncurses-6.6-2  nettle-4.0-1  nettle3-3.10.2-2  nftables-1:1.1.6-3  npth-1.8-1  openbsd-netcat-1.238_1-1  openssl-3.6.2-2  p11-kit-0.26.2-1  pacman-7.1.0.r9.g54d9411-2  pacman-mirrorlist-20260406-1  pam-1.7.2-2  pambase-20250719-1  pciutils-3.15.0-1  pcre2-10.47-1  perl-5.42.2-1  pinentry-1.3.2-2  polkit-127-3  popt-1.19-2  procps-ng-4.0.6-1  psmisc-23.7-2  python-3.14.5-1  python-annotated-types-0.7.0-3  python-attrs-26.1.0-1  python-certifi-2026.05.20-1  python-cffi-2.0.0-2  python-charset-normalizer-3.4.7-1  python-configobj-5.0.9-6  python-cryptography-48.0.0-1  python-idna-3.16-1  python-jinja-1:3.1.6-3  python-jsonpatch-1.33-6  python-jsonpointer-3.1.1-1  python-jsonschema-4.26.0-1  python-jsonschema-specifications-2025.9.1-2  python-linkify-it-py-2.1.0-1  python-markdown-it-py-4.0.0-2  python-markupsafe-3.0.3-1  python-mdurl-0.1.2-9  python-netifaces-0.11.0-9  python-oauthlib-3.3.1-2  python-platformdirs-4.9.6-1  python-pycparser-3.00-1  python-pydantic-2.13.4-1  python-pydantic-core-3:2.46.4-1  python-pygments-2.20.0-1  python-pyparted-3.13.0-6  python-pyserial-3.5-8  python-referencing-0.37.0-3  python-requests-2.34.2-1  python-rich-15.0.0-1  python-rpds-py-0.30.0-3  python-textual-8.2.6-1  python-typing-inspection-0.4.2-2  python-typing_extensions-4.15.0-3  python-uc-micro-py-2.0.0-1  python-urllib3-2.7.0-1  python-yaml-6.0.3-2  readline-8.3.003-1  sed-4.10-1  shadow-4.18.0-1  sqlite-3.53.1-1  sysfsutils-2.1.1-2  systemd-260.1-2  systemd-libs-260.1-2  systemd-sysvcompat-260.1-2  tar-1.35-2  thin-provisioning-tools-1.3.2-1  tzdata-2026b-1  util-linux-2.42.1-1  util-linux-libs-2.42.1-1  xxhash-0.8.3-1  xz-5.8.3-1  zlib-1:1.3.2-3  zstd-1.5.7-3  alsa-utils-1.2.15.2-2  amd-ucode-20260519-1  arch-install-scripts-31-1  archinstall-4.3-1  base-3-3  bcachefs-tools-3:1.38.3-1  bind-9.20.23-1  bolt-0.9.11-1  btrfs-progs-7.0-1  cloud-init-26.1-1  cryptsetup-2.8.6-1  darkhttpd-1.17-1  dhcpcd-10.3.2-1  diffutils-3.12-2  dmidecode-3.7-1  dosfstools-4.2-5  e2fsprogs-1.47.4-1  edk2-shell-202605-1  efibootmgr-18-4  ethtool-1:7.0-1  exfatprogs-1.3.2-1  f2fs-tools-1.16.0-3  fatresize-1.1.0-2  foot-terminfo-1.27.0-1  gptfdisk-1.0.10-2  grml-zsh-config-0.19.28-1  grub-2:2.14-1  hyperv-7.0.9-1  intel-ucode-20260512-1  irssi-1.4.5-5  iw-6.17-1  iwd-3.12-1  kitty-terminfo-0.46.2-1  ldns-1.9.0-1  less-1:692-1  libfido2-1.17.0-1  libusb-compat-0.1.9-1  linux-firmware-20260519-1  linux-lts-6.18.32-2  livecd-sounds-1.0-3  lsscsi-0.32-2  lynx-2.9.2-2  man-db-2.13.1-1  man-pages-6.18-1  mkinitcpio-41-3  mkinitcpio-archiso-73-1  mkinitcpio-nfs-utils-0.3-8  mmc-utils-1.0-1  mtools-1:4.0.49-1  nano-9.0-1  ndisc6-1.0.8-1  ntfs-3g-2022.10.3-2  nvme-cli-2.16-2  openpgp-card-tools-0.11.12-1  openssh-10.3p1-1  parted-3.7-1  pcsclite-2.4.1-1  pv-1.10.5-1  refind-0.14.2-2  reflector-2023-5  rsync-3.4.3-1  rxvt-unicode-terminfo-9.31-9  screen-5.0.1-3  sdparm-1.12-1  sequoia-sq-1.3.1-3  sg3_utils-1.48-1  smartmontools-7.5-1  sof-firmware-2025.12.2-1  squashfs-tools-4.7.5-1  sudo-1.9.17.p2-2  syslinux-6.04.pre3.r3.g05ac953c-4  systemd-resolvconf-260.1-2  terminus-font-4.49.1-8  tmux-3.6_b-2  tpm2-tools-5.7-1  tpm2-tss-4.1.3-1  udftools-2.3-3  usbutils-019-1  wireless-regdb-2026.03.18-1  wireless_tools-30.pre9-5  wpa_supplicant-2:2.11-5  xdg-utils-1.2.1-2  xfsprogs-7.0.1-1  zsh-5.9-6

Total Installed Size:  1588.02 MiB

:: Proceed with installation? [Y/n] 
checking keyring...
checking package integrity...
loading package files...
checking for file conflicts...
:: Processing package changes...
installing linux-api-headers...
installing tzdata...
Optional dependencies for tzdata
    bash: for tzselect [pending]
    glibc: for zdump, zic [pending]
installing iana-etc...
installing filesystem...
installing glibc...
Optional dependencies for glibc
    gd: for memusagestat
    perl: for mtrace [pending]
installing libgcc...
installing hwdata...
installing zlib...
installing brotli...
installing libstdc++...
installing ncurses...
Optional dependencies for ncurses
    bash: for ncursesw6-config [pending]
installing readline...
installing bash...
Optional dependencies for bash
    bash-completion: for tab completion
installing xz...
installing lz4...
installing zstd...
installing openssl...
Optional dependencies for openssl
    ca-certificates [pending]
    perl [pending]
installing kmod...
installing libgpg-error...
installing libgcrypt...
installing systemd-libs...
installing pciutils...
Optional dependencies for pciutils
    which: for update-pciids
    grep: for update-pciids [pending]
    curl: for update-pciids [pending]
installing psmisc...
installing alsa-topology-conf...
installing alsa-ucm-conf...
installing alsa-lib...
installing libsamplerate...
installing alsa-utils...
Optional dependencies for alsa-utils
    bash: for alsa-info.sh and alsabat-test.sh [installed]
    fftw: for alsabat
installing amd-ucode...
installing gmp...
installing mpfr...
installing gawk...
installing acl...
installing attr...
installing sqlite...
installing util-linux-libs...
Optional dependencies for util-linux-libs
    python: python bindings to libmount [pending]
installing e2fsprogs...
Optional dependencies for e2fsprogs
    lvm2: for e2scrub [pending]
    util-linux: for e2scrub [pending]
    smtp-forwarder: for e2scrub_fail script
installing keyutils...
installing gdbm...
installing libsasl...
installing libldap...
installing libevent...
Optional dependencies for libevent
    python: event_rpcgen.py [pending]
installing libverto...
installing lmdb...
installing krb5...
installing libcap-ng...
installing audit...
Optional dependencies for audit
    audispd-plugins: for audit event dispatcher plugins
    audispd-plugins-zos: for z/OS audit event dispatcher plugin
installing libxcrypt...
installing libtirpc...
installing libnsl...
installing pambase...
installing pam...
installing libcap...
installing coreutils...
installing bzip2...
installing pcre2...
Optional dependencies for pcre2
    sh: for pcre2-config [installed]
installing grep...
installing findutils...
installing libtasn1...
installing libffi...
installing libp11-kit...
installing p11-kit...
installing ca-certificates-utils...
installing ca-certificates-mozilla...
installing ca-certificates...
installing libunistring...
installing libidn2...
installing libnghttp2...
installing libnghttp3...
installing nettle...
installing leancrypto...
installing gnutls...
Optional dependencies for gnutls
    tpm2-tss: support for TPM2 wrapped keys [pending]
installing libngtcp2...
installing libpsl...
installing libssh2...
installing curl...
installing json-c...
installing libgomp...
installing gnulib-l10n...
installing icu...
installing libxml2...
Optional dependencies for libxml2
    python: Python bindings [pending]
installing gettext...
Optional dependencies for gettext
    git: for autopoint infrastructure updates
    appstream: for appstream support
installing libksba...
installing libusb...
installing libassuan...
installing libsysprof-capture...
installing glib2...
Optional dependencies for glib2
    dconf: GSettings storage backend
    glib2-devel: development tools
    gvfs: most gio functionality
installing tpm2-tss...
installing libsecret...
Optional dependencies for libsecret
    org.freedesktop.secrets: secret storage backend
installing pinentry...
Optional dependencies for pinentry
    gcr: GNOME backend
    gtk3: GTK backend
    qt5-x11extras: Qt5 backend
    kwayland5: Qt5 backend
    kguiaddons: Qt6 backend
    kwindowsystem: Qt6 backend
installing npth...
installing gnupg...
Optional dependencies for gnupg
    pcsclite: for using scdaemon not with the gnupg internal card driver [pending]
installing gpgme...
installing libarchive...
installing pacman-mirrorlist...
installing device-mapper...
installing popt...
installing cryptsetup...
installing expat...
installing dbus...
installing dbus-broker...
installing dbus-broker-units...
installing dbus-units...
installing sed...
installing gzip...
Optional dependencies for gzip
    less: zless support [pending]
    util-linux: zmore support [pending]
    diffutils: zdiff/zcmp support [pending]
installing kbd...
installing libelf...
installing libseccomp...
installing file...
installing shadow...
installing util-linux...
Optional dependencies for util-linux
    words: default dictionary for look
installing systemd...
Initializing machine ID from random generator.
Creating group 'root' with GID 0.
Creating group 'sys' with GID 3.
Creating group 'mem' with GID 8.
Creating group 'ftp' with GID 11.
Creating group 'mail' with GID 12.
Creating group 'log' with GID 19.
Creating group 'smmsp' with GID 25.
Creating group 'proc' with GID 26.
Creating group 'games' with GID 50.
Creating group 'lock' with GID 54.
Creating group 'network' with GID 90.
Creating group 'floppy' with GID 94.
Creating group 'scanner' with GID 96.
Creating group 'power' with GID 98.
Creating group 'nobody' with GID 65534.
Creating group 'adm' with GID 999.
Creating group 'wheel' with GID 998.
Creating group 'empower' with GID 997.
Creating group 'utmp' with GID 996.
Creating group 'audio' with GID 995.
Creating group 'clock' with GID 994.
Creating group 'disk' with GID 993.
Creating group 'input' with GID 992.
Creating group 'kmem' with GID 991.
Creating group 'kvm' with GID 990.
Creating group 'lp' with GID 989.
Creating group 'optical' with GID 988.
Creating group 'render' with GID 987.
Creating group 'sgx' with GID 986.
Creating group 'storage' with GID 985.
Creating group 'tty' with GID 5.
Creating group 'uucp' with GID 984.
Creating group 'video' with GID 983.
Creating group 'users' with GID 982.
Creating group 'groups' with GID 981.
Creating group 'systemd-journal' with GID 980.
Creating group 'rfkill' with GID 979.
Creating group 'bin' with GID 1.
Creating user 'bin' (n/a) with UID 1 and GID 1.
Creating group 'daemon' with GID 2.
Creating user 'daemon' (n/a) with UID 2 and GID 2.
Creating user 'mail' (n/a) with UID 8 and GID 12.
Creating user 'ftp' (n/a) with UID 14 and GID 11.
Creating group 'http' with GID 33.
Creating user 'http' (n/a) with UID 33 and GID 33.
Creating user 'nobody' (Kernel Overflow User) with UID 65534 and GID 65534.
Creating group 'dbus' with GID 81.
Creating user 'dbus' (System Message Bus) with UID 81 and GID 81.
Creating group 'systemd-coredump' with GID 978.
Creating user 'systemd-coredump' (systemd Core Dumper) with UID 978 and GID 978.
Creating group 'systemd-network' with GID 977.
Creating user 'systemd-network' (systemd Network Management) with UID 977 and GID 977.
Creating group 'systemd-oom' with GID 976.
Creating user 'systemd-oom' (systemd Userspace OOM Killer) with UID 976 and GID 976.
Creating group 'systemd-journal-remote' with GID 975.
Creating user 'systemd-journal-remote' (systemd Journal Remote) with UID 975 and GID 975.
Creating group 'systemd-resolve' with GID 974.
Creating user 'systemd-resolve' (systemd Resolver) with UID 974 and GID 974.
Creating group 'systemd-timesync' with GID 973.
Creating user 'systemd-timesync' (systemd Time Synchronization) with UID 973 and GID 973.
Creating group 'tss' with GID 972.
Creating user 'tss' (tss user for tpm2) with UID 972 and GID 972.
Creating group 'uuidd' with GID 971.
Creating user 'uuidd' (UUID generator helper daemon) with UID 971 and GID 971.
/etc/gshadow: Group "root" already exists.
Created symlink '/etc/systemd/system/autovt@.service' → '/usr/lib/systemd/system/getty@.service'.
Created symlink '/etc/systemd/system/getty.target.wants/getty@tty1.service' → '/usr/lib/systemd/system/getty@.service'.
Created symlink '/etc/systemd/system/multi-user.target.wants/remote-fs.target' → '/usr/lib/systemd/system/remote-fs.target'.
Created symlink '/etc/systemd/system/sockets.target.wants/systemd-userdbd.socket' → '/usr/lib/systemd/system/systemd-userdbd.socket'.
chgrp: invalid group: ‘systemd-journal-remote’
Optional dependencies for systemd
    libmicrohttpd: systemd-journal-gatewayd and systemd-journal-remote
    apparmor: additional security features
    quota-tools: kernel-level quota management
    systemd-sysvcompat: symlink package to provide sysvinit binaries [pending]
    systemd-ukify: combine kernel and initrd into a signed Unified Kernel Image
    polkit: allow administration as unprivileged user [pending]
    curl: systemd-journal-upload, machinectl pull-tar and pull-raw [installed]
    gnutls: systemd-journal-gatewayd and systemd-journal-remote [installed]
    qrencode: show QR codes
    iptables: firewall features [pending]
    libarchive: convert DDIs to tarballs [installed]
    libbpf: support BPF programs [pending]
    libpwquality: check password quality
    libfido2: unlocking LUKS2 volumes with FIDO2 token [pending]
    libp11-kit: support PKCS#11 [installed]
    tpm2-tss: unlocking LUKS2 volumes with TPM2 [installed]
installing jansson...
installing binutils...
Optional dependencies for binutils
    debuginfod: for debuginfod server/client functionality
    perl: for gprofng-display-html [pending]
installing libmakepkg-dropins...
installing pacman...
Optional dependencies for pacman
    base-devel: required to use makepkg
    perl-locale-gettext: translation support in makepkg-template
installing arch-install-scripts...
installing lzo...
installing btrfs-progs...
Optional dependencies for btrfs-progs
    python: libbtrfsutil python bindings [pending]
    e2fsprogs: btrfs-convert [installed]
installing dosfstools...
installing procps-ng...
installing mpdecimal...
installing python...
Optional dependencies for python
    python-setuptools: for building Python packages using tooling that is usually bundled with Python
    python-pip: for installing Python packages using tooling that is usually bundled with Python
    python-pipx: for installing Python software not packaged on Arch Linux
    sqlite: for a default database integration [installed]
    xz: for lzma [installed]
    tk: for tkinter
installing python-pycparser...
installing python-cffi...
Optional dependencies for python-cffi
    python-setuptools: "limited api" version checking in cffi.setuptools_ext
installing python-cryptography...
installing python-annotated-types...
installing python-typing_extensions...
installing python-typing-inspection...
installing python-pydantic-core...
installing python-pydantic...
Optional dependencies for python-pydantic
    mypy: for type validation with mypy
    python-dotenv: for .env file support
    python-email-validator: for email validation
    python-hypothesis: for hypothesis plugin when using legacy v1
installing parted...
installing python-pyparted...
installing python-mdurl...
installing python-markdown-it-py...
Optional dependencies for python-markdown-it-py
    python-mdit_py_plugins: core plugins
    python-linkify-it-py: linkify extension [pending]
installing python-pygments...
installing python-rich...
installing python-uc-micro-py...
installing python-linkify-it-py...
installing python-platformdirs...
installing python-textual...
installing libedit...
installing libinih...
installing liburcu...
installing xfsprogs...
Optional dependencies for xfsprogs
    icu: for xfs_scrub [installed]
    python-dbus: for xfs_scrub_all script
    smtp-forwarder: for xfs_scrub_fail script
installing libaio...
installing thin-provisioning-tools...
installing lvm2...
installing f2fs-tools...
installing libcbor...
installing hidapi...
Optional dependencies for hidapi
    libusb: for hidapi-libusb [installed]
installing libfido2...
installing archinstall...
Optional dependencies for archinstall
    python-systemd: for systemd-journald support
installing libasan...
installing libatomic...
installing libgfortran...
installing liblsan...
installing libobjc...
installing libquadmath...
installing libtsan...
installing libubsan...
installing gcc-libs...
installing tar...
installing licenses...
installing archlinux-keyring...
installing systemd-sysvcompat...
installing iputils...
installing libmnl...
installing libnfnetlink...
installing libnetfilter_conntrack...
installing libnftnl...
installing libnl...
installing libpcap...
installing nftables...
Optional dependencies for nftables
    python: Python bindings [installed]
    python-jsonschema: Python bindings [pending]
installing iptables...
installing libbpf...
installing iproute2...
Optional dependencies for iproute2
    db: userspace arp daemon
    linux-atm: ATM support
    python: for routel [installed]
installing base...
Optional dependencies for base
    linux: bare metal support
installing fuse-common...
installing fuse3...
installing libsodium...
installing libunwind...
installing bcachefs-tools...
installing dnssec-anchors...
installing libmaxminddb...
Optional dependencies for libmaxminddb
    geoip2-database: IP geolocation databases
installing libuv...
installing jemalloc...
Optional dependencies for jemalloc
    perl: for jeprof [pending]
installing bind...
installing duktape...
installing polkit...
installing bolt...
installing dhcpcd...
Optional dependencies for dhcpcd
    openresolv: resolvconf support [pending]
installing libmd...
installing libbsd...
installing openbsd-netcat...
installing python-configobj...
installing python-markupsafe...
installing python-jinja...
Optional dependencies for python-jinja
    python-babel: for i18n support
installing python-jsonpointer...
installing python-jsonpatch...
installing python-attrs...
installing python-rpds-py...
installing python-referencing...
installing python-jsonschema-specifications...
installing python-jsonschema...
Optional dependencies for python-jsonschema
    python-isoduration: for duration format
    python-fqdn: for hostname format
    python-idna: for idn-hostname format [pending]
    python-jsonpointer: for json-pointer & relative-json-pointer format [installed]
    python-rfc3339-validator: for date-time format
    python-rfc3987: for iri, iri-reference, uri & uri-reference format
    python-uri-template: for uri-template format
    python-webcolors: for color format
installing python-netifaces...
installing python-oauthlib...
Optional dependencies for python-oauthlib
    python-blinker: for signals support
    python-cryptography: for RSA and signed token support [installed]
    python-pyjwt: for signed token support
installing python-pyserial...
installing libyaml...
installing python-yaml...
installing python-charset-normalizer...
installing python-idna...
installing python-urllib3...
Optional dependencies for python-urllib3
    python-brotli: Brotli support
    python-brotlicffi: Brotli support
    python-h2: HTTP/2 support
    python-pysocks: SOCKS support
installing python-certifi...
installing python-requests...
Optional dependencies for python-requests
    python-chardet: alternative character encoding library
    python-pysocks: SOCKS proxy support
installing sudo...
installing cloud-init...
Optional dependencies for cloud-init
    cloud-guest-utils: for growpart
    netplan: for configuring network using netplan
    python-passlib: for Azure and BSD support
    python-urllib3: for LXD and Scaleway data sources [installed]
installing darkhttpd...
installing diffutils...
installing dmidecode...
installing edk2-shell...
installing efivar...
installing efibootmgr...
installing ethtool...
installing exfatprogs...
installing fatresize...
installing foot-terminfo...
Optional dependencies for foot-terminfo
    libutempter: utmp logging [pending]
installing gptfdisk...
installing zsh...
Optional dependencies for zsh
    grml-zsh-config: grml's zsh setup [pending]
    zsh-autosuggestions: Fish-like autosuggestions for zsh
    zsh-completions: Additional completion definitions for Zsh
    zsh-doc: Info, HTML and PDF format of the ZSH documentation
    zsh-history-substring-search: ZSH port of Fish history search (up arrow)
    zsh-lovers: A collection of tips, tricks and examples for the Z shell.
    zsh-syntax-highlighting: Fish shell like syntax highlighting for Zsh
    zshdb: A debugger for zsh scripts
installing grml-zsh-config...
installing grub...
:: Install your bootloader and generate configuration with:
     # grub-install ...
     # grub-mkconfig -o /boot/grub/grub.cfg
Optional dependencies for grub
    dosfstools: For grub-mkrescue FAT FS and EFI support [installed]
    efibootmgr: For grub-install EFI support [installed]
    freetype2: For grub-mkfont usage
    fuse3: For grub-mount usage [installed]
    libisoburn: Provides xorriso for generating grub rescue iso using grub-mkrescue
    libusb: For grub-emu USB support [installed]
    lzop: For grub-mkrescue LZO support
    mtools: For grub-mkrescue FAT FS support [pending]
    os-prober: To detect other OSes when generating grub.cfg in BIOS systems
    sdl: For grub-emu SDL support
installing hyperv...
installing intel-ucode...
installing libotr...
installing db5.3...
installing perl...
installing irssi...
Optional dependencies for irssi
    perl-lwp-protocol-https: for the scriptassist script
installing iw...
installing ell...
installing iwd...
Optional dependencies for iwd
    qrencode: for displaying QR code after DPP is started
installing kitty-terminfo...
installing ldns...
Optional dependencies for ldns
    libpcap: ldns-dpa tool [installed]
installing less...
installing libusb-compat...
installing mkinitcpio-busybox...
installing mkinitcpio...
Optional dependencies for mkinitcpio
    xz: Use lzma or xz compression for the initramfs image [installed]
    bzip2: Use bzip2 compression for the initramfs image [installed]
    lzop: Use lzo compression for the initramfs image
    lz4: Use lz4 compression for the initramfs image [installed]
    mkinitcpio-nfs-utils: Support for root filesystem on NFS [pending]
    systemd-ukify: alternative UKI generator
installing linux-lts...
Optional dependencies for linux-lts
    wireless-regdb: to set the correct wireless channels of your country [pending]
    linux-firmware: firmware images needed for some devices [pending]
    scx-scheds: to use sched-ext schedulers
installing linux-firmware-whence...
installing linux-firmware-amdgpu...
installing linux-firmware-atheros...
installing linux-firmware-broadcom...
installing linux-firmware-cirrus...
installing linux-firmware-intel...
installing linux-firmware-mediatek...
installing linux-firmware-nvidia...
installing linux-firmware-other...
installing linux-firmware-radeon...
installing linux-firmware-realtek...
installing linux-firmware...
Optional dependencies for linux-firmware
    linux-firmware-liquidio: Firmware for Cavium LiquidIO server adapters
    linux-firmware-marvell: Firmware for Marvell devices
    linux-firmware-mellanox: Firmware for Mellanox Spectrum switches
    linux-firmware-nfp: Firmware for Netronome Flow Processors
    linux-firmware-qcom: Firmware for Qualcomm SoCs
    linux-firmware-qlogic: Firmware for QLogic devices
installing livecd-sounds...
installing sysfsutils...
installing lsscsi...
installing lynx...
installing groff...
Optional dependencies for groff
    netpbm: for use together with man -H command interaction in browsers
    psutils: for use together with man -H command interaction in browsers
    libxaw: for gxditview
    perl-file-homedir: for use with glilypond
installing libpipeline...
installing man-db...
Optional dependencies for man-db
    gzip [installed]
installing man-pages...
installing mkinitcpio-archiso...
Optional dependencies for mkinitcpio-archiso
    curl: for PXE over HTTP [installed]
    gnupg: for PGP signature verification of rootfs over PXE [installed]
    mkinitcpio-nfs-utils: for PXE over NFS [pending]
    nbd: for PXE over NBD
    openssl: for CMS signature verification of rootfs over PXE [installed]
    pv: for status display during copy to RAM [pending]
installing mkinitcpio-nfs-utils...
installing mmc-utils...
installing mtools...
Optional dependencies for mtools
    libx11: required by floppyd
    libxau: required by floppyd
installing nano...
installing ndisc6...
installing fuse2...
installing ntfs-3g...
installing liburing...
installing libnvme...
installing nvme-cli...
installing pcsclite...
Optional dependencies for pcsclite
    python: API call trace logging with the pcsc-spy [installed]
    ccid: USB Chip/Smart Card Interface Devices driver [pending]
installing m4...
installing flex...
installing ccid...
installing openpgp-card-tools...
installing openssh...
Optional dependencies for openssh
    libfido2: FIDO/U2F support [installed]
    sh: for ssh-copy-id and findssl.sh [installed]
    x11-ssh-askpass: input passphrase in X
    xorg-xauth: X11 forwarding
installing pv...
installing refind...
Optional dependencies for refind
    gptfdisk: for finding non-vfat ESP with refind-install [installed]
    imagemagick: for refind-mkfont
    openssl: for generating local certificates with refind-install [installed]
    python: for refind-mkdefault [installed]
    refind-docs: for HTML documentation
    sbsigntools: for EFI binary signing with refind-install
    sudo: for privilege elevation in refind-install and refind-mkdefault [installed]
installing reflector...
Optional dependencies for reflector
    rsync: rate rsync mirrors [pending]
installing xxhash...
installing rsync...
Optional dependencies for rsync
    python: for rrsync [installed]
installing rxvt-unicode-terminfo...
installing libutempter...
installing screen...
installing sdparm...
installing nettle3...
installing sequoia-sq...
installing sg3_utils...
installing smartmontools...
Optional dependencies for smartmontools
    s-nail: to get mail alerts to work
installing sof-firmware...
installing squashfs-tools...
installing syslinux...

==> For setting up Syslinux BIOS using the syslinux-install_update script follow
    https://wiki.archlinux.org/index.php/Syslinux#Automatic_Install

==> For setting up Syslinux EFI follow
    https://wiki.archlinux.org/index.php/Syslinux#UEFI_Systems

==> The syslinux-install_update script does not currently support EFI install

Optional dependencies for syslinux
    perl-crypt-passwdmd5: For md5pass
    perl-digest-sha1: For sha1pass
    mtools: For mkdiskimage and syslinux support [installed]
    gptfdisk: For GPT support [installed]
    util-linux: For isohybrid [installed]
    efibootmgr: For EFI support [installed]
    dosfstools: For EFI support [installed]
installing systemd-resolvconf...
installing terminus-font...
installing tmux...
installing tpm2-tools...
Optional dependencies for tpm2-tools
    tpm2-abrmd: user space resource manager
installing udftools...
installing usbutils...
Optional dependencies for usbutils
    coreutils: for lsusb.py usage [installed]
    python: for lsusb.py usage [installed]
    sh: for usb-devices [installed]
installing wireless-regdb...
installing wireless_tools...
installing wpa_supplicant...
installing xdg-utils...
Optional dependencies for xdg-utils
    kde-cli-tools: for KDE Plasma5 support in xdg-open
    exo: for Xfce support in xdg-open
    pcmanfm: for LXDE support in xdg-open
    perl-file-mimeinfo: for generic support in xdg-open
    perl-net-dbus: Perl extension to dbus used in xdg-screensaver
    perl-x11-protocol: Perl X11 protocol used in xdg-screensaver
    xorg-xset: for X11 support in xdg-screensaver
    xorg-xprop: for X11 support in xdg-screensaver
:: Running post-transaction hooks...
( 1/16) Creating system user accounts...
Creating group 'root' with GID 0.
Creating group 'sys' with GID 3.
Creating group 'mem' with GID 8.
Creating group 'ftp' with GID 11.
Creating group 'mail' with GID 12.
Creating group 'log' with GID 19.
Creating group 'smmsp' with GID 25.
Creating group 'proc' with GID 26.
Creating group 'games' with GID 50.
Creating group 'lock' with GID 54.
Creating group 'network' with GID 90.
Creating group 'floppy' with GID 94.
Creating group 'scanner' with GID 96.
Creating group 'power' with GID 98.
Creating group 'nobody' with GID 65534.
Creating group 'adm' with GID 999.
Creating group 'wheel' with GID 998.
Creating group 'empower' with GID 997.
Creating group 'utmp' with GID 996.
Creating group 'audio' with GID 995.
Creating group 'clock' with GID 994.
Creating group 'disk' with GID 993.
Creating group 'input' with GID 992.
Creating group 'kmem' with GID 991.
Creating group 'kvm' with GID 990.
Creating group 'lp' with GID 989.
Creating group 'optical' with GID 988.
Creating group 'render' with GID 987.
Creating group 'sgx' with GID 986.
Creating group 'storage' with GID 985.
Creating group 'tty' with GID 5.
Creating group 'uucp' with GID 984.
Creating group 'video' with GID 983.
Creating group 'users' with GID 982.
Creating group 'polkitd' with GID 102.
Creating group 'groups' with GID 981.
Creating group 'systemd-journal' with GID 980.
Creating group 'rfkill' with GID 979.
Creating group 'alpm' with GID 978.
Creating user 'alpm' (Arch Linux Package Management) with UID 978 and GID 978.
Creating group 'bin' with GID 1.
Creating user 'bin' (n/a) with UID 1 and GID 1.
Creating group 'daemon' with GID 2.
Creating user 'daemon' (n/a) with UID 2 and GID 2.
Creating user 'mail' (n/a) with UID 8 and GID 12.
Creating user 'ftp' (n/a) with UID 14 and GID 11.
Creating group 'http' with GID 33.
Creating user 'http' (n/a) with UID 33 and GID 33.
Creating user 'nobody' (Kernel Overflow User) with UID 65534 and GID 65534.
Creating group 'named' with GID 40.
Creating user 'named' (BIND DNS Server) with UID 40 and GID 40.
Creating group 'dbus' with GID 81.
Creating user 'dbus' (System Message Bus) with UID 81 and GID 81.
Creating group 'dhcpcd' with GID 977.
Creating user 'dhcpcd' (dhcpcd privilege separation) with UID 977 and GID 977.
Creating group 'pcscd' with GID 976.
Creating user 'pcscd' (PC/SC Smart Card Daemon) with UID 976 and GID 976.
Creating user 'polkitd' (User for polkitd) with UID 102 and GID 102.
Creating group 'systemd-coredump' with GID 975.
Creating user 'systemd-coredump' (systemd Core Dumper) with UID 975 and GID 975.
Creating group 'systemd-network' with GID 974.
Creating user 'systemd-network' (systemd Network Management) with UID 974 and GID 974.
Creating group 'systemd-oom' with GID 973.
Creating user 'systemd-oom' (systemd Userspace OOM Killer) with UID 973 and GID 973.
Creating group 'systemd-journal-remote' with GID 972.
Creating user 'systemd-journal-remote' (systemd Journal Remote) with UID 972 and GID 972.
Creating group 'systemd-resolve' with GID 971.
Creating user 'systemd-resolve' (systemd Resolver) with UID 971 and GID 971.
Creating group 'systemd-timesync' with GID 970.
Creating user 'systemd-timesync' (systemd Time Synchronization) with UID 970 and GID 970.
Creating group 'tss' with GID 969.
Creating user 'tss' (tss user for tpm2) with UID 969 and GID 969.
Creating group 'uuidd' with GID 968.
Creating user 'uuidd' (UUID generator helper daemon) with UID 968 and GID 968.
/etc/gshadow: Group "root" already exists.
( 2/16) Creating temporary files...
/usr/lib/tmpfiles.d/bind.conf:1: Failed to resolve user 'named': Unknown user
/usr/lib/tmpfiles.d/libutempter.conf:1: Failed to resolve group 'utmp': Unknown group
/usr/lib/tmpfiles.d/polkit-tmpfiles.conf:3: Failed to resolve group 'polkitd': Unknown group
/usr/lib/tmpfiles.d/shadow.conf:1: Failed to resolve group 'groups': Unknown group
/usr/lib/tmpfiles.d/static-nodes-permissions.conf:12: Failed to resolve group 'audio': Unknown group
/usr/lib/tmpfiles.d/static-nodes-permissions.conf:13: Failed to resolve group 'audio': Unknown group
/usr/lib/tmpfiles.d/static-nodes-permissions.conf:14: Failed to resolve group 'disk': Unknown group
/usr/lib/tmpfiles.d/static-nodes-permissions.conf:18: Failed to resolve group 'kvm': Unknown group
/usr/lib/tmpfiles.d/static-nodes-permissions.conf:19: Failed to resolve group 'kvm': Unknown group
/usr/lib/tmpfiles.d/static-nodes-permissions.conf:20: Failed to resolve group 'kvm': Unknown group
/usr/lib/tmpfiles.d/systemd-network.conf:10: Failed to resolve user 'systemd-network': Unknown user
/usr/lib/tmpfiles.d/systemd-network.conf:11: Failed to resolve user 'systemd-network': Unknown user
/usr/lib/tmpfiles.d/systemd-network.conf:12: Failed to resolve user 'systemd-network': Unknown user
/usr/lib/tmpfiles.d/systemd-network.conf:13: Failed to resolve user 'systemd-network': Unknown user
/usr/lib/tmpfiles.d/systemd.conf:23: Failed to resolve group 'systemd-journal': Unknown group
/usr/lib/tmpfiles.d/systemd.conf:24: Failed to resolve group 'systemd-journal': Unknown group
Failed to parse ACL "d:group::r-x,d:group:adm:r-x,d:group:wheel:r-x,group::r-x,group:adm:r-x,group:wheel:r-x", ignoring: Invalid argument
Failed to parse ACL "d:group:adm:r-x,d:group:wheel:r-x,group:adm:r-X,group:wheel:r-X", ignoring: Invalid argument
/usr/lib/tmpfiles.d/systemd.conf:28: Failed to resolve group 'systemd-journal': Unknown group
/usr/lib/tmpfiles.d/systemd.conf:29: Failed to resolve group 'systemd-journal': Unknown group
/usr/lib/tmpfiles.d/systemd.conf:30: Failed to resolve group 'systemd-journal': Unknown group
Failed to parse ACL "d:group::r-x,d:group:adm:r-x,d:group:wheel:r-x,group::r-x,group:adm:r-x,group:wheel:r-x", ignoring: Invalid argument
Failed to parse ACL "d:group:adm:r-x,d:group:wheel:r-x,group:adm:r-x,group:wheel:r-x", ignoring: Invalid argument
Failed to parse ACL "group:adm:r--,group:wheel:r--", ignoring: Invalid argument
/usr/lib/tmpfiles.d/tpm2-tss-fapi.conf:2: Failed to resolve user 'tss': Unknown user
Failed to parse ACL "default:group:tss:rwx", ignoring: Invalid argument
/usr/lib/tmpfiles.d/tpm2-tss-fapi.conf:4: Failed to resolve user 'tss': Unknown user
Failed to parse ACL "default:group:tss:rwx", ignoring: Invalid argument
/usr/lib/tmpfiles.d/tpm2-tss-fapi.conf:6: Failed to resolve group 'tss': Unknown group
/usr/lib/tmpfiles.d/tpm2-tss-fapi.conf:7: Failed to resolve group 'tss': Unknown group
/usr/lib/tmpfiles.d/uuidd.conf:5: Failed to resolve user 'uuidd': Unknown user
/usr/lib/tmpfiles.d/uuidd.conf:6: Failed to resolve user 'uuidd': Unknown user
/usr/lib/tmpfiles.d/var.conf:15: Failed to resolve group 'utmp': Unknown group
/usr/lib/tmpfiles.d/var.conf:16: Failed to resolve group 'utmp': Unknown group
/usr/lib/tmpfiles.d/var.conf:17: Failed to resolve group 'utmp': Unknown group
( 3/16) Updating journal message catalog...
( 4/16) Updating udev hardware database...
( 5/16) Applying kernel sysctl settings...
  Skipped: Running in chroot.
( 6/16) Reloading system manager configuration...
  Skipped: Running in chroot.
( 7/16) Reloading user manager configuration...
  Skipped: Running in chroot.
( 8/16) Reloading device manager configuration...
  Skipped: Running in chroot.
( 9/16) Arming ConditionNeedsUpdate...
(10/16) Rebuilding certificate stores...
(11/16) Updating module dependencies...
(12/16) Updating linux initcpios...
/etc/mkinitcpio.d/linux-lts.preset: line 6: unexpected EOF while looking for matching `"'
(13/16) Reloading system bus configuration...
  Skipped: Running in chroot.
(14/16) Checking for old perl modules...
(15/16) Uncommenting HTTPS mirrors in /etc/pacman.d/mirrorlist...
(16/16) Work around FS#49347 by removing custom pacman hooks that are only required during ISO build...
[mkarchiso] INFO: Done! Packages installed successfully.
[mkarchiso] INFO: Creating version files...
[mkarchiso] INFO: Done!
[mkarchiso] INFO: Copying /etc/skel/* to user homes...
[mkarchiso] INFO: Done!
[mkarchiso] INFO: Creating a list of installed packages on live-enviroment...
[mkarchiso] INFO: Done!
[mkarchiso] INFO: Preparing kernel and initramfs for the ISO 9660 file system...
